Determining if the pthread_create exist failed with the following output:
Change Dir: /home/ubuntu/Desktop/miniRobot_rpi/build/CMakeFiles/CMakeTmp

Run Build Command:"/usr/bin/make" "cmTC_3d05c/fast"
/usr/bin/make -f CMakeFiles/cmTC_3d05c.dir/build.make CMakeFiles/cmTC_3d05c.dir/build
make[1]: Entering directory '/home/ubuntu/Desktop/miniRobot_rpi/build/CMakeFiles/CMakeTmp'
Building C object CMakeFiles/cmTC_3d05c.dir/CheckSymbolExists.c.o
/usr/bin/cc    -o CMakeFiles/cmTC_3d05c.dir/CheckSymbolExists.c.o   -c /home/ubuntu/Desktop/miniRobot_rpi/build/CMakeFiles/CMakeTmp/CheckSymbolExists.c
Linking C executable cmTC_3d05c
/usr/bin/cmake -E cmake_link_script CMakeFiles/cmTC_3d05c.dir/link.txt --verbose=1
/usr/bin/cc      -rdynamic CMakeFiles/cmTC_3d05c.dir/CheckSymbolExists.c.o  -o cmTC_3d05c 
CMakeFiles/cmTC_3d05c.dir/CheckSymbolExists.c.o: In function `main':
CheckSymbolExists.c:(.text+0x14): undefined reference to `pthread_create'
CheckSymbolExists.c:(.text+0x18): undefined reference to `pthread_create'
collect2: error: ld returned 1 exit status
CMakeFiles/cmTC_3d05c.dir/build.make:97: recipe for target 'cmTC_3d05c' failed
make[1]: *** [cmTC_3d05c] Error 1
make[1]: Leaving directory '/home/ubuntu/Desktop/miniRobot_rpi/build/CMakeFiles/CMakeTmp'
Makefile:126: recipe for target 'cmTC_3d05c/fast' failed
make: *** [cmTC_3d05c/fast] Error 2

File /home/ubuntu/Desktop/miniRobot_rpi/build/CMakeFiles/CMakeTmp/CheckSymbolExists.c:
/* */
#include <pthread.h>

int main(int argc, char** argv)
{
  (void)argv;
#ifndef pthread_create
  return ((int*)(&pthread_create))[argc];
#else
  (void)argc;
  return 0;
#endif
}

Determining if the function pthread_create exists in the pthreads failed with the following output:
Change Dir: /home/ubuntu/Desktop/miniRobot_rpi/build/CMakeFiles/CMakeTmp

Run Build Command:"/usr/bin/make" "cmTC_82ffd/fast"
/usr/bin/make -f CMakeFiles/cmTC_82ffd.dir/build.make CMakeFiles/cmTC_82ffd.dir/build
make[1]: Entering directory '/home/ubuntu/Desktop/miniRobot_rpi/build/CMakeFiles/CMakeTmp'
Building C object CMakeFiles/cmTC_82ffd.dir/CheckFunctionExists.c.o
/usr/bin/cc   -DCHECK_FUNCTION_EXISTS=pthread_create   -o CMakeFiles/cmTC_82ffd.dir/CheckFunctionExists.c.o   -c /usr/share/cmake-3.10/Modules/CheckFunctionExists.c
Linking C executable cmTC_82ffd
/usr/bin/cmake -E cmake_link_script CMakeFiles/cmTC_82ffd.dir/link.txt --verbose=1
/usr/bin/cc  -DCHECK_FUNCTION_EXISTS=pthread_create    -rdynamic CMakeFiles/cmTC_82ffd.dir/CheckFunctionExists.c.o  -o cmTC_82ffd -lpthreads 
/usr/bin/ld: cannot find -lpthreads
collect2: error: ld returned 1 exit status
CMakeFiles/cmTC_82ffd.dir/build.make:97: recipe for target 'cmTC_82ffd' failed
make[1]: *** [cmTC_82ffd] Error 1
make[1]: Leaving directory '/home/ubuntu/Desktop/miniRobot_rpi/build/CMakeFiles/CMakeTmp'
Makefile:126: recipe for target 'cmTC_82ffd/fast' failed
make: *** [cmTC_82ffd/fast] Error 2


